{"D:\\Программирование\\Grow-portal\\reactjs-films-homework\\src\\components\\Signature\\Signature.jsx": {"path":"D:\\Программирование\\Grow-portal\\reactjs-films-homework\\src\\components\\Signature\\Signature.jsx","statementMap":{"0":{"start":{"line":6,"column":18},"end":{"line":10,"column":1}},"1":{"start":{"line":7,"column":2},"end":{"line":9,"column":8}},"2":{"start":{"line":12,"column":0},"end":{"line":14,"column":2}}},"fnMap":{"0":{"name":"(anonymous_0)","decl":{"start":{"line":6,"column":18},"end":{"line":6,"column":19}},"loc":{"start":{"line":7,"column":2},"end":{"line":9,"column":8}},"line":7}},"branchMap":{},"s":{"0":1,"1":1,"2":1},"f":{"0":1},"b":{},"_coverageSchema":"43e27e138ebf9cfc5966b082cf9a028302ed4184","hash":"5ad1c78ad5ae34aa8fe9eee6d19961601bbe1c8e"}
}
